[08May2022 07:37:34.593] [Server thread/INFO] [net.minecraft.server.dedicated.DedicatedServer/]: There are 0 of a max of 20 players online: 
[08May2022 07:37:36.943] [Server thread/INFO] [net.minecraft.server.dedicated.DedicatedServer/]: Stopping the server
[08May2022 07:37:37.003] [Server thread/INFO] [net.minecraft.server.MinecraftServer/]: Stopping server
[08May2022 07:37:37.007] [Server thread/INFO] [net.minecraft.server.MinecraftServer/]: Saving players
[08May2022 07:37:37.007] [Server thread/INFO] [net.minecraft.server.MinecraftServer/]: Saving worlds
[08May2022 07:37:37.007] [Server thread/INFO] [net.minecraft.server.MinecraftServer/]: Saving chunks for level 'ServerLevel[world]'/minecraft:overworld
[08May2022 07:37:37.076] [Server thread/INFO] [net.minecraft.world.server.ChunkManager/]: ThreadedAnvilChunkStorage (world): All chunks are saved
[08May2022 07:37:37.076] [Server thread/INFO] [net.minecraft.server.MinecraftServer/]: Saving chunks for level 'ServerLevel[world]'/minecraft:the_nether
[08May2022 07:37:37.084] [Server thread/INFO] [net.minecraft.world.server.ChunkManager/]: ThreadedAnvilChunkStorage (DIM-1): All chunks are saved
[08May2022 07:37:37.084] [Server thread/INFO] [net.minecraft.server.MinecraftServer/]: Saving chunks for level 'ServerLevel[world]'/minecraft:the_end
[08May2022 07:37:37.086] [Server thread/INFO] [net.minecraft.world.server.ChunkManager/]: ThreadedAnvilChunkStorage (DIM1): All chunks are saved
[08May2022 07:37:37.086] [Server thread/INFO] [net.minecraft.server.MinecraftServer/]: Saving chunks for level 'ServerLevel[world]'/theabyss:dream
[08May2022 07:37:37.088] [Server thread/INFO] [net.minecraft.world.server.ChunkManager/]: ThreadedAnvilChunkStorage (dream): All chunks are saved
[08May2022 07:37:37.088] [Server thread/INFO] [net.minecraft.server.MinecraftServer/]: Saving chunks for level 'ServerLevel[world]'/theabyss:the_abyss
[08May2022 07:37:37.090] [Server thread/INFO] [net.minecraft.world.server.ChunkManager/]: ThreadedAnvilChunkStorage (the_abyss): All chunks are saved
[08May2022 07:37:37.090] [Server thread/INFO] [net.minecraft.server.MinecraftServer/]: Saving chunks for level 'ServerLevel[world]'/theabyss:radio
[08May2022 07:37:37.092] [Server thread/INFO] [net.minecraft.world.server.ChunkManager/]: ThreadedAnvilChunkStorage (radio): All chunks are saved
[08May2022 07:37:37.092] [Server thread/INFO] [net.minecraft.server.MinecraftServer/]: Saving chunks for level 'ServerLevel[world]'/theabyss:ground_lands
[08May2022 07:37:37.094] [Server thread/INFO] [net.minecraft.world.server.ChunkManager/]: ThreadedAnvilChunkStorage (ground_lands): All chunks are saved
[08May2022 07:37:37.096] [Server thread/INFO] [net.minecraft.server.MinecraftServer/]: Saving chunks for level 'ServerLevel[world]'/theabyss:frost_world
[08May2022 07:37:37.098] [Server thread/INFO] [net.minecraft.world.server.ChunkManager/]: ThreadedAnvilChunkStorage (frost_world): All chunks are saved
[08May2022 07:37:37.098] [Server thread/INFO] [net.minecraft.server.MinecraftServer/]: Saving chunks for level 'ServerLevel[world]'/theabyss:pocket_dimension
[08May2022 07:37:37.099] [Server thread/INFO] [net.minecraft.world.server.ChunkManager/]: ThreadedAnvilChunkStorage (pocket_dimension): All chunks are saved
[08May2022 07:37:37.131] [Server thread/INFO] [net.minecraft.world.server.ChunkManager/]: ThreadedAnvilChunkStorage (world): All chunks are saved
[08May2022 07:37:37.155] [Server thread/INFO] [net.minecraft.world.server.ChunkManager/]: ThreadedAnvilChunkStorage (DIM-1): All chunks are saved
[08May2022 07:37:37.163] [Server thread/INFO] [net.minecraft.world.server.ChunkManager/]: ThreadedAnvilChunkStorage (DIM1): All chunks are saved
[08May2022 07:37:37.164] [Server thread/INFO] [net.minecraft.world.server.ChunkManager/]: ThreadedAnvilChunkStorage (dream): All chunks are saved
[08May2022 07:37:37.164] [Server thread/INFO] [net.minecraft.world.server.ChunkManager/]: ThreadedAnvilChunkStorage (the_abyss): All chunks are saved
[08May2022 07:37:37.164] [Server thread/INFO] [net.minecraft.world.server.ChunkManager/]: ThreadedAnvilChunkStorage (radio): All chunks are saved
[08May2022 07:37:37.165] [Server thread/INFO] [net.minecraft.world.server.ChunkManager/]: ThreadedAnvilChunkStorage (ground_lands): All chunks are saved
[08May2022 07:37:37.165] [Server thread/INFO] [net.minecraft.world.server.ChunkManager/]: ThreadedAnvilChunkStorage (frost_world): All chunks are saved
[08May2022 07:37:37.165] [Server thread/INFO] [net.minecraft.world.server.ChunkManager/]: ThreadedAnvilChunkStorage (pocket_dimension): All chunks are saved
